<?xml version="1.0" encoding="UTF-8"?>
<!-- Generated by org.testng.reporters.JUnitXMLReporter -->
<testsuite ignored="3" hostname="LAPTOP-PVQMCOTU" failures="0" tests="1" name="Test" time="0.061" errors="0" timestamp="2021-03-25T18:21:31 IST">
  <testcase classname="com.maven.org.TestNg.Grouptestng" name="empId" time="0.015"/>
  <testcase classname="com.maven.org.TestNg.Grouptestng" name="empsalary" time="0.0">
    <ignored/>
  </testcase> <!-- empsalary -->
  <testcase classname="com.maven.org.TestNg.Grouptestng" name="empMobile" time="0.0">
    <ignored/>
  </testcase> <!-- empMobile -->
  <testcase classname="com.maven.org.TestNg.Grouptestng" name="empName" time="0.0">
    <ignored/>
  </testcase> <!-- empName -->
</testsuite> <!-- Test -->
